<?xml version="1.0" encoding="UTF-8"?>
<testsuite xmlns:xsi="http://www.w3.org/2001/XMLSchema-instance" xsi:noNamespaceSchemaLocation="https://maven.apache.org/surefire/maven-surefire-plugin/xsd/surefire-test-report.xsd" name="com.practice.camundasample.CamundasampleApplicationTests" time="12.728" tests="1" errors="0" skipped="0" failures="0">
  <properties>
    <property name="java.specification.version" value="14"/>
    <property name="sun.jnu.encoding" value="UTF-8"/>
    <property name="java.class.path" value="/home/chaitanya/chy/practice_workspace/camundasample-application/target/test-classes:/home/chaitanya/chy/practice_workspace/camundasample-application/target/classes:/home/chaitanya/.m2/repository/org/springframework/boot/spring-boot-starter/2.4.5/spring-boot-starter-2.4.5.jar:/home/chaitanya/.m2/repository/org/springframework/boot/spring-boot/2.4.5/spring-boot-2.4.5.jar:/home/chaitanya/.m2/repository/org/springframework/spring-context/5.3.6/spring-context-5.3.6.jar:/home/chaitanya/.m2/repository/org/springframework/spring-aop/5.3.6/spring-aop-5.3.6.jar:/home/chaitanya/.m2/repository/org/springframework/spring-beans/5.3.6/spring-beans-5.3.6.jar:/home/chaitanya/.m2/repository/org/springframework/spring-expression/5.3.6/spring-expression-5.3.6.jar:/home/chaitanya/.m2/repository/org/springframework/boot/spring-boot-autoconfigure/2.4.5/spring-boot-autoconfigure-2.4.5.jar:/home/chaitanya/.m2/repository/org/springframework/boot/spring-boot-starter-logging/2.4.5/spring-boot-starter-logging-2.4.5.jar:/home/chaitanya/.m2/repository/ch/qos/logback/logback-classic/1.2.3/logback-classic-1.2.3.jar:/home/chaitanya/.m2/repository/ch/qos/logback/logback-core/1.2.3/logback-core-1.2.3.jar:/home/chaitanya/.m2/repository/org/apache/logging/log4j/log4j-to-slf4j/2.13.3/log4j-to-slf4j-2.13.3.jar:/home/chaitanya/.m2/repository/org/apache/logging/log4j/log4j-api/2.13.3/log4j-api-2.13.3.jar:/home/chaitanya/.m2/repository/org/slf4j/jul-to-slf4j/1.7.30/jul-to-slf4j-1.7.30.jar:/home/chaitanya/.m2/repository/jakarta/annotation/jakarta.annotation-api/1.3.5/jakarta.annotation-api-1.3.5.jar:/home/chaitanya/.m2/repository/org/springframework/spring-core/5.3.6/spring-core-5.3.6.jar:/home/chaitanya/.m2/repository/org/springframework/spring-jcl/5.3.6/spring-jcl-5.3.6.jar:/home/chaitanya/.m2/repository/org/yaml/snakeyaml/1.27/snakeyaml-1.27.jar:/home/chaitanya/.m2/repository/org/springframework/boot/spring-boot-starter-test/2.4.5/spring-boot-starter-test-2.4.5.jar:/home/chaitanya/.m2/repository/org/springframework/boot/spring-boot-test/2.4.5/spring-boot-test-2.4.5.jar:/home/chaitanya/.m2/repository/org/springframework/boot/spring-boot-test-autoconfigure/2.4.5/spring-boot-test-autoconfigure-2.4.5.jar:/home/chaitanya/.m2/repository/com/jayway/jsonpath/json-path/2.4.0/json-path-2.4.0.jar:/home/chaitanya/.m2/repository/net/minidev/json-smart/2.3/json-smart-2.3.jar:/home/chaitanya/.m2/repository/net/minidev/accessors-smart/1.2/accessors-smart-1.2.jar:/home/chaitanya/.m2/repository/org/ow2/asm/asm/5.0.4/asm-5.0.4.jar:/home/chaitanya/.m2/repository/org/slf4j/slf4j-api/1.7.30/slf4j-api-1.7.30.jar:/home/chaitanya/.m2/repository/jakarta/xml/bind/jakarta.xml.bind-api/2.3.3/jakarta.xml.bind-api-2.3.3.jar:/home/chaitanya/.m2/repository/jakarta/activation/jakarta.activation-api/1.2.2/jakarta.activation-api-1.2.2.jar:/home/chaitanya/.m2/repository/org/assertj/assertj-core/3.18.1/assertj-core-3.18.1.jar:/home/chaitanya/.m2/repository/org/hamcrest/hamcrest/2.2/hamcrest-2.2.jar:/home/chaitanya/.m2/repository/org/junit/jupiter/junit-jupiter/5.7.1/junit-jupiter-5.7.1.jar:/home/chaitanya/.m2/repository/org/junit/jupiter/junit-jupiter-api/5.7.1/junit-jupiter-api-5.7.1.jar:/home/chaitanya/.m2/repository/org/apiguardian/apiguardian-api/1.1.0/apiguardian-api-1.1.0.jar:/home/chaitanya/.m2/repository/org/opentest4j/opentest4j/1.2.0/opentest4j-1.2.0.jar:/home/chaitanya/.m2/repository/org/junit/platform/junit-platform-commons/1.7.1/junit-platform-commons-1.7.1.jar:/home/chaitanya/.m2/repository/org/junit/jupiter/junit-jupiter-params/5.7.1/junit-jupiter-params-5.7.1.jar:/home/chaitanya/.m2/repository/org/junit/jupiter/junit-jupiter-engine/5.7.1/junit-jupiter-engine-5.7.1.jar:/home/chaitanya/.m2/repository/org/junit/platform/junit-platform-engine/1.7.1/junit-platform-engine-1.7.1.jar:/home/chaitanya/.m2/repository/org/mockito/mockito-core/3.6.28/mockito-core-3.6.28.jar:/home/chaitanya/.m2/repository/net/bytebuddy/byte-buddy/1.10.22/byte-buddy-1.10.22.jar:/home/chaitanya/.m2/repository/net/bytebuddy/byte-buddy-agent/1.10.22/byte-buddy-agent-1.10.22.jar:/home/chaitanya/.m2/repository/org/objenesis/objenesis/3.1/objenesis-3.1.jar:/home/chaitanya/.m2/repository/org/mockito/mockito-junit-jupiter/3.6.28/mockito-junit-jupiter-3.6.28.jar:/home/chaitanya/.m2/repository/org/skyscreamer/jsonassert/1.5.0/jsonassert-1.5.0.jar:/home/chaitanya/.m2/repository/com/vaadin/external/google/android-json/0.0.20131108.vaadin1/android-json-0.0.20131108.vaadin1.jar:/home/chaitanya/.m2/repository/org/springframework/spring-test/5.3.6/spring-test-5.3.6.jar:/home/chaitanya/.m2/repository/org/xmlunit/xmlunit-core/2.7.0/xmlunit-core-2.7.0.jar:/home/chaitanya/.m2/repository/org/camunda/bpm/springboot/camunda-bpm-spring-boot-starter-webapp/7.15.0/camunda-bpm-spring-boot-starter-webapp-7.15.0.jar:/home/chaitanya/.m2/repository/org/camunda/bpm/springboot/camunda-bpm-spring-boot-starter-webapp-core/7.15.0/camunda-bpm-spring-boot-starter-webapp-core-7.15.0.jar:/home/chaitanya/.m2/repository/org/camunda/bpm/webapp/camunda-webapp/7.15.0/camunda-webapp-7.15.0-classes.jar:/home/chaitanya/.m2/repository/org/springframework/boot/spring-boot-starter-web/2.4.5/spring-boot-starter-web-2.4.5.jar:/home/chaitanya/.m2/repository/org/springframework/spring-webmvc/5.3.6/spring-webmvc-5.3.6.jar:/home/chaitanya/.m2/repository/org/camunda/bpm/webapp/camunda-webapp-webjar/7.15.0/camunda-webapp-webjar-7.15.0.jar:/home/chaitanya/.m2/repository/org/camunda/bpm/springboot/camunda-bpm-spring-boot-starter-rest/7.15.0/camunda-bpm-spring-boot-starter-rest-7.15.0.jar:/home/chaitanya/.m2/repository/org/camunda/bpm/springboot/camunda-bpm-spring-boot-starter/7.15.0/camunda-bpm-spring-boot-starter-7.15.0.jar:/home/chaitanya/.m2/repository/org/camunda/bpm/camunda-engine-spring/7.15.0/camunda-engine-spring-7.15.0.jar:/home/chaitanya/.m2/repository/org/camunda/bpm/camunda-engine/7.15.0/camunda-engine-7.15.0.jar:/home/chaitanya/.m2/repository/org/camunda/bpm/model/camunda-bpmn-model/7.15.0/camunda-bpmn-model-7.15.0.jar:/home/chaitanya/.m2/repository/org/camunda/bpm/model/camunda-xml-model/7.15.0/camunda-xml-model-7.15.0.jar:/home/chaitanya/.m2/repository/org/camunda/bpm/model/camunda-cmmn-model/7.15.0/camunda-cmmn-model-7.15.0.jar:/home/chaitanya/.m2/repository/org/camunda/bpm/dmn/camunda-engine-dmn/7.15.0/camunda-engine-dmn-7.15.0.jar:/home/chaitanya/.m2/repository/org/camunda/bpm/model/camunda-dmn-model/7.15.0/camunda-dmn-model-7.15.0.jar:/home/chaitanya/.m2/repository/org/camunda/bpm/dmn/camunda-engine-feel-api/7.15.0/camunda-engine-feel-api-7.15.0.jar:/home/chaitanya/.m2/repository/org/camunda/bpm/dmn/camunda-engine-feel-juel/7.15.0/camunda-engine-feel-juel-7.15.0.jar:/home/chaitanya/.m2/repository/org/camunda/bpm/dmn/camunda-engine-feel-scala/7.15.0/camunda-engine-feel-scala-7.15.0.jar:/home/chaitanya/.m2/repository/org/camunda/feel/feel-engine/1.13.1/feel-engine-1.13.1-scala-shaded.jar:/home/chaitanya/.m2/repository/org/camunda/commons/camunda-commons-typed-values/7.15.0/camunda-commons-typed-values-7.15.0.jar:/home/chaitanya/.m2/repository/org/mybatis/mybatis/3.5.6/mybatis-3.5.6.jar:/home/chaitanya/.m2/repository/joda-time/joda-time/2.1/joda-time-2.1.jar:/home/chaitanya/.m2/repository/org/camunda/connect/camunda-connect-connectors-all/1.5.2/camunda-connect-connectors-all-1.5.2.jar:/home/chaitanya/.m2/repository/commons-dbcp/commons-dbcp/1.4/commons-dbcp-1.4.jar:/home/chaitanya/.m2/repository/commons-pool/commons-pool/1.6/commons-pool-1.6.jar:/home/chaitanya/.m2/repository/org/springframework/spring-jdbc/5.3.6/spring-jdbc-5.3.6.jar:/home/chaitanya/.m2/repository/org/springframework/spring-tx/5.3.6/spring-tx-5.3.6.jar:/home/chaitanya/.m2/repository/org/springframework/spring-orm/5.3.6/spring-orm-5.3.6.jar:/home/chaitanya/.m2/repository/org/springframework/boot/spring-boot-loader-tools/2.4.5/spring-boot-loader-tools-2.4.5.jar:/home/chaitanya/.m2/repository/org/apache/commons/commons-compress/1.20/commons-compress-1.20.jar:/home/chaitanya/.m2/repository/org/apache/commons/commons-lang3/3.11/commons-lang3-3.11.jar:/home/chaitanya/.m2/repository/com/fasterxml/uuid/java-uuid-generator/3.2.0/java-uuid-generator-3.2.0.jar:/home/chaitanya/.m2/repository/org/camunda/bpm/camunda-engine-rest-jaxrs2/7.15.0/camunda-engine-rest-jaxrs2-7.15.0.jar:/home/chaitanya/.m2/repository/commons-fileupload/commons-fileupload/1.4/commons-fileupload-1.4.jar:/home/chaitanya/.m2/repository/commons-io/commons-io/2.8.0/commons-io-2.8.0.jar:/home/chaitanya/.m2/repository/com/fasterxml/jackson/jaxrs/jackson-jaxrs-json-provider/2.11.4/jackson-jaxrs-json-provider-2.11.4.jar:/home/chaitanya/.m2/repository/com/fasterxml/jackson/jaxrs/jackson-jaxrs-base/2.11.4/jackson-jaxrs-base-2.11.4.jar:/home/chaitanya/.m2/repository/com/fasterxml/jackson/module/jackson-module-jaxb-annotations/2.11.4/jackson-module-jaxb-annotations-2.11.4.jar:/home/chaitanya/.m2/repository/com/fasterxml/jackson/core/jackson-annotations/2.11.4/jackson-annotations-2.11.4.jar:/home/chaitanya/.m2/repository/org/springframework/boot/spring-boot-starter-jersey/2.4.5/spring-boot-starter-jersey-2.4.5.jar:/home/chaitanya/.m2/repository/org/springframework/boot/spring-boot-starter-json/2.4.5/spring-boot-starter-json-2.4.5.jar:/home/chaitanya/.m2/repository/com/fasterxml/jackson/datatype/jackson-datatype-jdk8/2.11.4/jackson-datatype-jdk8-2.11.4.jar:/home/chaitanya/.m2/repository/com/fasterxml/jackson/datatype/jackson-datatype-jsr310/2.11.4/jackson-datatype-jsr310-2.11.4.jar:/home/chaitanya/.m2/repository/com/fasterxml/jackson/module/jackson-module-parameter-names/2.11.4/jackson-module-parameter-names-2.11.4.jar:/home/chaitanya/.m2/repository/org/springframework/boot/spring-boot-starter-tomcat/2.4.5/spring-boot-starter-tomcat-2.4.5.jar:/home/chaitanya/.m2/repository/org/apache/tomcat/embed/tomcat-embed-core/9.0.45/tomcat-embed-core-9.0.45.jar:/home/chaitanya/.m2/repository/org/glassfish/jakarta.el/3.0.3/jakarta.el-3.0.3.jar:/home/chaitanya/.m2/repository/org/apache/tomcat/embed/tomcat-embed-websocket/9.0.45/tomcat-embed-websocket-9.0.45.jar:/home/chaitanya/.m2/repository/org/springframework/boot/spring-boot-starter-validation/2.4.5/spring-boot-starter-validation-2.4.5.jar:/home/chaitanya/.m2/repository/org/hibernate/validator/hibernate-validator/6.1.7.Final/hibernate-validator-6.1.7.Final.jar:/home/chaitanya/.m2/repository/org/jboss/logging/jboss-logging/3.4.1.Final/jboss-logging-3.4.1.Final.jar:/home/chaitanya/.m2/repository/com/fasterxml/classmate/1.5.1/classmate-1.5.1.jar:/home/chaitanya/.m2/repository/org/springframework/spring-web/5.3.6/spring-web-5.3.6.jar:/home/chaitanya/.m2/repository/org/glassfish/jersey/core/jersey-server/2.32/jersey-server-2.32.jar:/home/chaitanya/.m2/repository/org/glassfish/jersey/core/jersey-common/2.32/jersey-common-2.32.jar:/home/chaitanya/.m2/repository/org/glassfish/hk2/osgi-resource-locator/1.0.3/osgi-resource-locator-1.0.3.jar:/home/chaitanya/.m2/repository/com/sun/activation/jakarta.activation/1.2.2/jakarta.activation-1.2.2.jar:/home/chaitanya/.m2/repository/org/glassfish/jersey/core/jersey-client/2.32/jersey-client-2.32.jar:/home/chaitanya/.m2/repository/jakarta/ws/rs/jakarta.ws.rs-api/2.1.6/jakarta.ws.rs-api-2.1.6.jar:/home/chaitanya/.m2/repository/org/glassfish/jersey/media/jersey-media-jaxb/2.32/jersey-media-jaxb-2.32.jar:/home/chaitanya/.m2/repository/org/glassfish/hk2/external/jakarta.inject/2.6.1/jakarta.inject-2.6.1.jar:/home/chaitanya/.m2/repository/jakarta/validation/jakarta.validation-api/2.0.2/jakarta.validation-api-2.0.2.jar:/home/chaitanya/.m2/repository/org/glassfish/jersey/containers/jersey-container-servlet-core/2.32/jersey-container-servlet-core-2.32.jar:/home/chaitanya/.m2/repository/org/glassfish/jersey/containers/jersey-container-servlet/2.32/jersey-container-servlet-2.32.jar:/home/chaitanya/.m2/repository/org/glassfish/jersey/ext/jersey-bean-validation/2.32/jersey-bean-validation-2.32.jar:/home/chaitanya/.m2/repository/org/glassfish/jersey/ext/jersey-spring5/2.32/jersey-spring5-2.32.jar:/home/chaitanya/.m2/repository/org/glassfish/jersey/inject/jersey-hk2/2.32/jersey-hk2-2.32.jar:/home/chaitanya/.m2/repository/org/glassfish/hk2/hk2-locator/2.6.1/hk2-locator-2.6.1.jar:/home/chaitanya/.m2/repository/org/glassfish/hk2/external/aopalliance-repackaged/2.6.1/aopalliance-repackaged-2.6.1.jar:/home/chaitanya/.m2/repository/org/javassist/javassist/3.25.0-GA/javassist-3.25.0-GA.jar:/home/chaitanya/.m2/repository/org/glassfish/hk2/hk2/2.6.1/hk2-2.6.1.jar:/home/chaitanya/.m2/repository/org/glassfish/hk2/hk2-utils/2.6.1/hk2-utils-2.6.1.jar:/home/chaitanya/.m2/repository/org/glassfish/hk2/hk2-api/2.6.1/hk2-api-2.6.1.jar:/home/chaitanya/.m2/repository/org/glassfish/hk2/hk2-core/2.6.1/hk2-core-2.6.1.jar:/home/chaitanya/.m2/repository/org/glassfish/hk2/hk2-runlevel/2.6.1/hk2-runlevel-2.6.1.jar:/home/chaitanya/.m2/repository/org/glassfish/hk2/class-model/2.6.1/class-model-2.6.1.jar:/home/chaitanya/.m2/repository/org/ow2/asm/asm-analysis/7.1/asm-analysis-7.1.jar:/home/chaitanya/.m2/repository/org/ow2/asm/asm-commons/7.1/asm-commons-7.1.jar:/home/chaitanya/.m2/repository/org/ow2/asm/asm-tree/7.1/asm-tree-7.1.jar:/home/chaitanya/.m2/repository/org/ow2/asm/asm-util/7.1/asm-util-7.1.jar:/home/chaitanya/.m2/repository/org/glassfish/hk2/spring-bridge/2.6.1/spring-bridge-2.6.1.jar:/home/chaitanya/.m2/repository/org/glassfish/jersey/media/jersey-media-json-jackson/2.32/jersey-media-json-jackson-2.32.jar:/home/chaitanya/.m2/repository/org/glassfish/jersey/ext/jersey-entity-filtering/2.32/jersey-entity-filtering-2.32.jar:/home/chaitanya/.m2/repository/org/projectlombok/lombok/1.18.12/lombok-1.18.12.jar:/home/chaitanya/.m2/repository/org/apache/maven/maven-archiver/2.5/maven-archiver-2.5.jar:/home/chaitanya/.m2/repository/org/apache/maven/maven-artifact/2.0.6/maven-artifact-2.0.6.jar:/home/chaitanya/.m2/repository/org/apache/maven/maven-model/2.0.6/maven-model-2.0.6.jar:/home/chaitanya/.m2/repository/org/apache/maven/maven-core/2.0.6/maven-core-2.0.6.jar:/home/chaitanya/.m2/repository/org/apache/maven/maven-settings/2.0.6/maven-settings-2.0.6.jar:/home/chaitanya/.m2/repository/org/apache/maven/wagon/wagon-file/1.0-beta-2/wagon-file-1.0-beta-2.jar:/home/chaitanya/.m2/repository/org/apache/maven/maven-plugin-parameter-documenter/2.0.6/maven-plugin-parameter-documenter-2.0.6.jar:/home/chaitanya/.m2/repository/org/apache/maven/wagon/wagon-http-lightweight/1.0-beta-2/wagon-http-lightweight-1.0-beta-2.jar:/home/chaitanya/.m2/repository/org/apache/maven/wagon/wagon-http-shared/1.0-beta-2/wagon-http-shared-1.0-beta-2.jar:/home/chaitanya/.m2/repository/jtidy/jtidy/4aug2000r7-dev/jtidy-4aug2000r7-dev.jar:/home/chaitanya/.m2/repository/xml-apis/xml-apis/1.0.b2/xml-apis-1.0.b2.jar:/home/chaitanya/.m2/repository/org/apache/maven/reporting/maven-reporting-api/2.0.6/maven-reporting-api-2.0.6.jar:/home/chaitanya/.m2/repository/org/apache/maven/doxia/doxia-sink-api/1.0-alpha-7/doxia-sink-api-1.0-alpha-7.jar:/home/chaitanya/.m2/repository/org/apache/maven/maven-profile/2.0.6/maven-profile-2.0.6.jar:/home/chaitanya/.m2/repository/org/apache/maven/wagon/wagon-provider-api/1.0-beta-2/wagon-provider-api-1.0-beta-2.jar:/home/chaitanya/.m2/repository/org/codehaus/plexus/plexus-container-default/1.0-alpha-9-stable-1/plexus-container-default-1.0-alpha-9-stable-1.jar:/home/chaitanya/.m2/repository/junit/junit/4.13.2/junit-4.13.2.jar:/home/chaitanya/.m2/repository/org/hamcrest/hamcrest-core/2.2/hamcrest-core-2.2.jar:/home/chaitanya/.m2/repository/org/apache/maven/maven-repository-metadata/2.0.6/maven-repository-metadata-2.0.6.jar:/home/chaitanya/.m2/repository/org/apache/maven/maven-error-diagnostics/2.0.6/maven-error-diagnostics-2.0.6.jar:/home/chaitanya/.m2/repository/org/apache/maven/maven-project/2.0.6/maven-project-2.0.6.jar:/home/chaitanya/.m2/repository/org/apache/maven/maven-plugin-registry/2.0.6/maven-plugin-registry-2.0.6.jar:/home/chaitanya/.m2/repository/commons-cli/commons-cli/1.0/commons-cli-1.0.jar:/home/chaitanya/.m2/repository/org/apache/maven/maven-plugin-api/2.0.6/maven-plugin-api-2.0.6.jar:/home/chaitanya/.m2/repository/org/apache/maven/wagon/wagon-ssh-external/1.0-beta-2/wagon-ssh-external-1.0-beta-2.jar:/home/chaitanya/.m2/repository/org/apache/maven/wagon/wagon-ssh-common/1.0-beta-2/wagon-ssh-common-1.0-beta-2.jar:/home/chaitanya/.m2/repository/org/apache/maven/maven-plugin-descriptor/2.0.6/maven-plugin-descriptor-2.0.6.jar:/home/chaitanya/.m2/repository/org/codehaus/plexus/plexus-interactivity-api/1.0-alpha-4/plexus-interactivity-api-1.0-alpha-4.jar:/home/chaitanya/.m2/repository/org/apache/maven/maven-artifact-manager/2.0.6/maven-artifact-manager-2.0.6.jar:/home/chaitanya/.m2/repository/org/apache/maven/maven-monitor/2.0.6/maven-monitor-2.0.6.jar:/home/chaitanya/.m2/repository/org/apache/maven/wagon/wagon-ssh/1.0-beta-2/wagon-ssh-1.0-beta-2.jar:/home/chaitanya/.m2/repository/com/jcraft/jsch/0.1.27/jsch-0.1.27.jar:/home/chaitanya/.m2/repository/classworlds/classworlds/1.1/classworlds-1.1.jar:/home/chaitanya/.m2/repository/org/codehaus/plexus/plexus-archiver/2.1/plexus-archiver-2.1.jar:/home/chaitanya/.m2/repository/org/codehaus/plexus/plexus-io/2.0.2/plexus-io-2.0.2.jar:/home/chaitanya/.m2/repository/org/codehaus/plexus/plexus-utils/3.0/plexus-utils-3.0.jar:/home/chaitanya/.m2/repository/org/codehaus/plexus/plexus-interpolation/1.15/plexus-interpolation-1.15.jar:/home/chaitanya/.m2/repository/com/h2database/h2/1.4.200/h2-1.4.200.jar:/home/chaitanya/.m2/repository/com/sun/xml/bind/jaxb-impl/2.2.3/jaxb-impl-2.2.3.jar:/home/chaitanya/.m2/repository/javax/xml/bind/jaxb-api/2.3.1/jaxb-api-2.3.1.jar:/home/chaitanya/.m2/repository/javax/activation/javax.activation-api/1.2.0/javax.activation-api-1.2.0.jar:/home/chaitanya/.m2/repository/org/camunda/connect/camunda-connect-soap-http-client/1.3.0/camunda-connect-soap-http-client-1.3.0.jar:/home/chaitanya/.m2/repository/org/camunda/connect/camunda-connect-http-client/1.3.0/camunda-connect-http-client-1.3.0.jar:/home/chaitanya/.m2/repository/org/apache/httpcomponents/httpclient/4.5.13/httpclient-4.5.13.jar:/home/chaitanya/.m2/repository/org/apache/httpcomponents/httpcore/4.4.14/httpcore-4.4.14.jar:/home/chaitanya/.m2/repository/commons-codec/commons-codec/1.15/commons-codec-1.15.jar:/home/chaitanya/.m2/repository/org/camunda/bpm/camunda-engine-plugin-connect/7.12.0/camunda-engine-plugin-connect-7.12.0.jar:/home/chaitanya/.m2/repository/org/camunda/connect/camunda-connect-core/1.2.2/camunda-connect-core-1.2.2.jar:/home/chaitanya/.m2/repository/org/camunda/spin/camunda-spin-core/1.9.0/camunda-spin-core-1.9.0.jar:/home/chaitanya/.m2/repository/org/camunda/commons/camunda-commons-logging/1.9.0/camunda-commons-logging-1.9.0.jar:/home/chaitanya/.m2/repository/org/camunda/commons/camunda-commons-utils/1.9.0/camunda-commons-utils-1.9.0.jar:/home/chaitanya/.m2/repository/org/camunda/spin/camunda-spin-dataformat-json-jackson/1.9.0/camunda-spin-dataformat-json-jackson-1.9.0.jar:/home/chaitanya/.m2/repository/com/fasterxml/jackson/core/jackson-core/2.11.4/jackson-core-2.11.4.jar:/home/chaitanya/.m2/repository/com/fasterxml/jackson/core/jackson-databind/2.11.4/jackson-databind-2.11.4.jar:/home/chaitanya/.m2/repository/org/camunda/spin/camunda-spin-dataformat-xml-dom/1.9.0/camunda-spin-dataformat-xml-dom-1.9.0.jar:/home/chaitanya/.m2/repository/org/camunda/bpm/camunda-engine-plugin-spin/7.12.0/camunda-engine-plugin-spin-7.12.0.jar:/home/chaitanya/.m2/repository/org/springframework/boot/spring-boot-devtools/2.4.5/spring-boot-devtools-2.4.5.jar:"/>
    <property name="java.vm.vendor" value="Oracle Corporation"/>
    <property name="sun.arch.data.model" value="64"/>
    <property name="java.vendor.url" value="https://java.oracle.com/"/>
    <property name="os.name" value="Linux"/>
    <property name="java.vm.specification.version" value="14"/>
    <property name="sun.java.launcher" value="SUN_STANDARD"/>
    <property name="user.country" value="US"/>
    <property name="sun.boot.library.path" value="/home/chaitanya/chy/spring-tool-suite-4-4.8.0.RELEASE-e4.17.0-linux.gtk.x86_64/sts-4.8.0.RELEASE/plugins/org.eclipse.justj.openjdk.hotspot.jre.full.linux.x86_64_14.0.2.v20200815-0932/jre/lib"/>
    <property name="sun.java.command" value="/home/chaitanya/chy/practice_workspace/camundasample-application/target/surefire/surefirebooter8960907932152650492.jar /home/chaitanya/chy/practice_workspace/camundasample-application/target/surefire 2021-04-20T10-41-44_151-jvmRun1 surefire5231802586432053839tmp surefire_012977613556440595724tmp"/>
    <property name="jdk.debug" value="release"/>
    <property name="surefire.test.class.path" value="/home/chaitanya/chy/practice_workspace/camundasample-application/target/test-classes:/home/chaitanya/chy/practice_workspace/camundasample-application/target/classes:/home/chaitanya/.m2/repository/org/springframework/boot/spring-boot-starter/2.4.5/spring-boot-starter-2.4.5.jar:/home/chaitanya/.m2/repository/org/springframework/boot/spring-boot/2.4.5/spring-boot-2.4.5.jar:/home/chaitanya/.m2/repository/org/springframework/spring-context/5.3.6/spring-context-5.3.6.jar:/home/chaitanya/.m2/repository/org/springframework/spring-aop/5.3.6/spring-aop-5.3.6.jar:/home/chaitanya/.m2/repository/org/springframework/spring-beans/5.3.6/spring-beans-5.3.6.jar:/home/chaitanya/.m2/repository/org/springframework/spring-expression/5.3.6/spring-expression-5.3.6.jar:/home/chaitanya/.m2/repository/org/springframework/boot/spring-boot-autoconfigure/2.4.5/spring-boot-autoconfigure-2.4.5.jar:/home/chaitanya/.m2/repository/org/springframework/boot/spring-boot-starter-logging/2.4.5/spring-boot-starter-logging-2.4.5.jar:/home/chaitanya/.m2/repository/ch/qos/logback/logback-classic/1.2.3/logback-classic-1.2.3.jar:/home/chaitanya/.m2/repository/ch/qos/logback/logback-core/1.2.3/logback-core-1.2.3.jar:/home/chaitanya/.m2/repository/org/apache/logging/log4j/log4j-to-slf4j/2.13.3/log4j-to-slf4j-2.13.3.jar:/home/chaitanya/.m2/repository/org/apache/logging/log4j/log4j-api/2.13.3/log4j-api-2.13.3.jar:/home/chaitanya/.m2/repository/org/slf4j/jul-to-slf4j/1.7.30/jul-to-slf4j-1.7.30.jar:/home/chaitanya/.m2/repository/jakarta/annotation/jakarta.annotation-api/1.3.5/jakarta.annotation-api-1.3.5.jar:/home/chaitanya/.m2/repository/org/springframework/spring-core/5.3.6/spring-core-5.3.6.jar:/home/chaitanya/.m2/repository/org/springframework/spring-jcl/5.3.6/spring-jcl-5.3.6.jar:/home/chaitanya/.m2/repository/org/yaml/snakeyaml/1.27/snakeyaml-1.27.jar:/home/chaitanya/.m2/repository/org/springframework/boot/spring-boot-starter-test/2.4.5/spring-boot-starter-test-2.4.5.jar:/home/chaitanya/.m2/repository/org/springframework/boot/spring-boot-test/2.4.5/spring-boot-test-2.4.5.jar:/home/chaitanya/.m2/repository/org/springframework/boot/spring-boot-test-autoconfigure/2.4.5/spring-boot-test-autoconfigure-2.4.5.jar:/home/chaitanya/.m2/repository/com/jayway/jsonpath/json-path/2.4.0/json-path-2.4.0.jar:/home/chaitanya/.m2/repository/net/minidev/json-smart/2.3/json-smart-2.3.jar:/home/chaitanya/.m2/repository/net/minidev/accessors-smart/1.2/accessors-smart-1.2.jar:/home/chaitanya/.m2/repository/org/ow2/asm/asm/5.0.4/asm-5.0.4.jar:/home/chaitanya/.m2/repository/org/slf4j/slf4j-api/1.7.30/slf4j-api-1.7.30.jar:/home/chaitanya/.m2/repository/jakarta/xml/bind/jakarta.xml.bind-api/2.3.3/jakarta.xml.bind-api-2.3.3.jar:/home/chaitanya/.m2/repository/jakarta/activation/jakarta.activation-api/1.2.2/jakarta.activation-api-1.2.2.jar:/home/chaitanya/.m2/repository/org/assertj/assertj-core/3.18.1/assertj-core-3.18.1.jar:/home/chaitanya/.m2/repository/org/hamcrest/hamcrest/2.2/hamcrest-2.2.jar:/home/chaitanya/.m2/repository/org/junit/jupiter/junit-jupiter/5.7.1/junit-jupiter-5.7.1.jar:/home/chaitanya/.m2/repository/org/junit/jupiter/junit-jupiter-api/5.7.1/junit-jupiter-api-5.7.1.jar:/home/chaitanya/.m2/repository/org/apiguardian/apiguardian-api/1.1.0/apiguardian-api-1.1.0.jar:/home/chaitanya/.m2/repository/org/opentest4j/opentest4j/1.2.0/opentest4j-1.2.0.jar:/home/chaitanya/.m2/repository/org/junit/platform/junit-platform-commons/1.7.1/junit-platform-commons-1.7.1.jar:/home/chaitanya/.m2/repository/org/junit/jupiter/junit-jupiter-params/5.7.1/junit-jupiter-params-5.7.1.jar:/home/chaitanya/.m2/repository/org/junit/jupiter/junit-jupiter-engine/5.7.1/junit-jupiter-engine-5.7.1.jar:/home/chaitanya/.m2/repository/org/junit/platform/junit-platform-engine/1.7.1/junit-platform-engine-1.7.1.jar:/home/chaitanya/.m2/repository/org/mockito/mockito-core/3.6.28/mockito-core-3.6.28.jar:/home/chaitanya/.m2/repository/net/bytebuddy/byte-buddy/1.10.22/byte-buddy-1.10.22.jar:/home/chaitanya/.m2/repository/net/bytebuddy/byte-buddy-agent/1.10.22/byte-buddy-agent-1.10.22.jar:/home/chaitanya/.m2/repository/org/objenesis/objenesis/3.1/objenesis-3.1.jar:/home/chaitanya/.m2/repository/org/mockito/mockito-junit-jupiter/3.6.28/mockito-junit-jupiter-3.6.28.jar:/home/chaitanya/.m2/repository/org/skyscreamer/jsonassert/1.5.0/jsonassert-1.5.0.jar:/home/chaitanya/.m2/repository/com/vaadin/external/google/android-json/0.0.20131108.vaadin1/android-json-0.0.20131108.vaadin1.jar:/home/chaitanya/.m2/repository/org/springframework/spring-test/5.3.6/spring-test-5.3.6.jar:/home/chaitanya/.m2/repository/org/xmlunit/xmlunit-core/2.7.0/xmlunit-core-2.7.0.jar:/home/chaitanya/.m2/repository/org/camunda/bpm/springboot/camunda-bpm-spring-boot-starter-webapp/7.15.0/camunda-bpm-spring-boot-starter-webapp-7.15.0.jar:/home/chaitanya/.m2/repository/org/camunda/bpm/springboot/camunda-bpm-spring-boot-starter-webapp-core/7.15.0/camunda-bpm-spring-boot-starter-webapp-core-7.15.0.jar:/home/chaitanya/.m2/repository/org/camunda/bpm/webapp/camunda-webapp/7.15.0/camunda-webapp-7.15.0-classes.jar:/home/chaitanya/.m2/repository/org/springframework/boot/spring-boot-starter-web/2.4.5/spring-boot-starter-web-2.4.5.jar:/home/chaitanya/.m2/repository/org/springframework/spring-webmvc/5.3.6/spring-webmvc-5.3.6.jar:/home/chaitanya/.m2/repository/org/camunda/bpm/webapp/camunda-webapp-webjar/7.15.0/camunda-webapp-webjar-7.15.0.jar:/home/chaitanya/.m2/repository/org/camunda/bpm/springboot/camunda-bpm-spring-boot-starter-rest/7.15.0/camunda-bpm-spring-boot-starter-rest-7.15.0.jar:/home/chaitanya/.m2/repository/org/camunda/bpm/springboot/camunda-bpm-spring-boot-starter/7.15.0/camunda-bpm-spring-boot-starter-7.15.0.jar:/home/chaitanya/.m2/repository/org/camunda/bpm/camunda-engine-spring/7.15.0/camunda-engine-spring-7.15.0.jar:/home/chaitanya/.m2/repository/org/camunda/bpm/camunda-engine/7.15.0/camunda-engine-7.15.0.jar:/home/chaitanya/.m2/repository/org/camunda/bpm/model/camunda-bpmn-model/7.15.0/camunda-bpmn-model-7.15.0.jar:/home/chaitanya/.m2/repository/org/camunda/bpm/model/camunda-xml-model/7.15.0/camunda-xml-model-7.15.0.jar:/home/chaitanya/.m2/repository/org/camunda/bpm/model/camunda-cmmn-model/7.15.0/camunda-cmmn-model-7.15.0.jar:/home/chaitanya/.m2/repository/org/camunda/bpm/dmn/camunda-engine-dmn/7.15.0/camunda-engine-dmn-7.15.0.jar:/home/chaitanya/.m2/repository/org/camunda/bpm/model/camunda-dmn-model/7.15.0/camunda-dmn-model-7.15.0.jar:/home/chaitanya/.m2/repository/org/camunda/bpm/dmn/camunda-engine-feel-api/7.15.0/camunda-engine-feel-api-7.15.0.jar:/home/chaitanya/.m2/repository/org/camunda/bpm/dmn/camunda-engine-feel-juel/7.15.0/camunda-engine-feel-juel-7.15.0.jar:/home/chaitanya/.m2/repository/org/camunda/bpm/dmn/camunda-engine-feel-scala/7.15.0/camunda-engine-feel-scala-7.15.0.jar:/home/chaitanya/.m2/repository/org/camunda/feel/feel-engine/1.13.1/feel-engine-1.13.1-scala-shaded.jar:/home/chaitanya/.m2/repository/org/camunda/commons/camunda-commons-typed-values/7.15.0/camunda-commons-typed-values-7.15.0.jar:/home/chaitanya/.m2/repository/org/mybatis/mybatis/3.5.6/mybatis-3.5.6.jar:/home/chaitanya/.m2/repository/joda-time/joda-time/2.1/joda-time-2.1.jar:/home/chaitanya/.m2/repository/org/camunda/connect/camunda-connect-connectors-all/1.5.2/camunda-connect-connectors-all-1.5.2.jar:/home/chaitanya/.m2/repository/commons-dbcp/commons-dbcp/1.4/commons-dbcp-1.4.jar:/home/chaitanya/.m2/repository/commons-pool/commons-pool/1.6/commons-pool-1.6.jar:/home/chaitanya/.m2/repository/org/springframework/spring-jdbc/5.3.6/spring-jdbc-5.3.6.jar:/home/chaitanya/.m2/repository/org/springframework/spring-tx/5.3.6/spring-tx-5.3.6.jar:/home/chaitanya/.m2/repository/org/springframework/spring-orm/5.3.6/spring-orm-5.3.6.jar:/home/chaitanya/.m2/repository/org/springframework/boot/spring-boot-loader-tools/2.4.5/spring-boot-loader-tools-2.4.5.jar:/home/chaitanya/.m2/repository/org/apache/commons/commons-compress/1.20/commons-compress-1.20.jar:/home/chaitanya/.m2/repository/org/apache/commons/commons-lang3/3.11/commons-lang3-3.11.jar:/home/chaitanya/.m2/repository/com/fasterxml/uuid/java-uuid-generator/3.2.0/java-uuid-generator-3.2.0.jar:/home/chaitanya/.m2/repository/org/camunda/bpm/camunda-engine-rest-jaxrs2/7.15.0/camunda-engine-rest-jaxrs2-7.15.0.jar:/home/chaitanya/.m2/repository/commons-fileupload/commons-fileupload/1.4/commons-fileupload-1.4.jar:/home/chaitanya/.m2/repository/commons-io/commons-io/2.8.0/commons-io-2.8.0.jar:/home/chaitanya/.m2/repository/com/fasterxml/jackson/jaxrs/jackson-jaxrs-json-provider/2.11.4/jackson-jaxrs-json-provider-2.11.4.jar:/home/chaitanya/.m2/repository/com/fasterxml/jackson/jaxrs/jackson-jaxrs-base/2.11.4/jackson-jaxrs-base-2.11.4.jar:/home/chaitanya/.m2/repository/com/fasterxml/jackson/module/jackson-module-jaxb-annotations/2.11.4/jackson-module-jaxb-annotations-2.11.4.jar:/home/chaitanya/.m2/repository/com/fasterxml/jackson/core/jackson-annotations/2.11.4/jackson-annotations-2.11.4.jar:/home/chaitanya/.m2/repository/org/springframework/boot/spring-boot-starter-jersey/2.4.5/spring-boot-starter-jersey-2.4.5.jar:/home/chaitanya/.m2/repository/org/springframework/boot/spring-boot-starter-json/2.4.5/spring-boot-starter-json-2.4.5.jar:/home/chaitanya/.m2/repository/com/fasterxml/jackson/datatype/jackson-datatype-jdk8/2.11.4/jackson-datatype-jdk8-2.11.4.jar:/home/chaitanya/.m2/repository/com/fasterxml/jackson/datatype/jackson-datatype-jsr310/2.11.4/jackson-datatype-jsr310-2.11.4.jar:/home/chaitanya/.m2/repository/com/fasterxml/jackson/module/jackson-module-parameter-names/2.11.4/jackson-module-parameter-names-2.11.4.jar:/home/chaitanya/.m2/repository/org/springframework/boot/spring-boot-starter-tomcat/2.4.5/spring-boot-starter-tomcat-2.4.5.jar:/home/chaitanya/.m2/repository/org/apache/tomcat/embed/tomcat-embed-core/9.0.45/tomcat-embed-core-9.0.45.jar:/home/chaitanya/.m2/repository/org/glassfish/jakarta.el/3.0.3/jakarta.el-3.0.3.jar:/home/chaitanya/.m2/repository/org/apache/tomcat/embed/tomcat-embed-websocket/9.0.45/tomcat-embed-websocket-9.0.45.jar:/home/chaitanya/.m2/repository/org/springframework/boot/spring-boot-starter-validation/2.4.5/spring-boot-starter-validation-2.4.5.jar:/home/chaitanya/.m2/repository/org/hibernate/validator/hibernate-validator/6.1.7.Final/hibernate-validator-6.1.7.Final.jar:/home/chaitanya/.m2/repository/org/jboss/logging/jboss-logging/3.4.1.Final/jboss-logging-3.4.1.Final.jar:/home/chaitanya/.m2/repository/com/fasterxml/classmate/1.5.1/classmate-1.5.1.jar:/home/chaitanya/.m2/repository/org/springframework/spring-web/5.3.6/spring-web-5.3.6.jar:/home/chaitanya/.m2/repository/org/glassfish/jersey/core/jersey-server/2.32/jersey-server-2.32.jar:/home/chaitanya/.m2/repository/org/glassfish/jersey/core/jersey-common/2.32/jersey-common-2.32.jar:/home/chaitanya/.m2/repository/org/glassfish/hk2/osgi-resource-locator/1.0.3/osgi-resource-locator-1.0.3.jar:/home/chaitanya/.m2/repository/com/sun/activation/jakarta.activation/1.2.2/jakarta.activation-1.2.2.jar:/home/chaitanya/.m2/repository/org/glassfish/jersey/core/jersey-client/2.32/jersey-client-2.32.jar:/home/chaitanya/.m2/repository/jakarta/ws/rs/jakarta.ws.rs-api/2.1.6/jakarta.ws.rs-api-2.1.6.jar:/home/chaitanya/.m2/repository/org/glassfish/jersey/media/jersey-media-jaxb/2.32/jersey-media-jaxb-2.32.jar:/home/chaitanya/.m2/repository/org/glassfish/hk2/external/jakarta.inject/2.6.1/jakarta.inject-2.6.1.jar:/home/chaitanya/.m2/repository/jakarta/validation/jakarta.validation-api/2.0.2/jakarta.validation-api-2.0.2.jar:/home/chaitanya/.m2/repository/org/glassfish/jersey/containers/jersey-container-servlet-core/2.32/jersey-container-servlet-core-2.32.jar:/home/chaitanya/.m2/repository/org/glassfish/jersey/containers/jersey-container-servlet/2.32/jersey-container-servlet-2.32.jar:/home/chaitanya/.m2/repository/org/glassfish/jersey/ext/jersey-bean-validation/2.32/jersey-bean-validation-2.32.jar:/home/chaitanya/.m2/repository/org/glassfish/jersey/ext/jersey-spring5/2.32/jersey-spring5-2.32.jar:/home/chaitanya/.m2/repository/org/glassfish/jersey/inject/jersey-hk2/2.32/jersey-hk2-2.32.jar:/home/chaitanya/.m2/repository/org/glassfish/hk2/hk2-locator/2.6.1/hk2-locator-2.6.1.jar:/home/chaitanya/.m2/repository/org/glassfish/hk2/external/aopalliance-repackaged/2.6.1/aopalliance-repackaged-2.6.1.jar:/home/chaitanya/.m2/repository/org/javassist/javassist/3.25.0-GA/javassist-3.25.0-GA.jar:/home/chaitanya/.m2/repository/org/glassfish/hk2/hk2/2.6.1/hk2-2.6.1.jar:/home/chaitanya/.m2/repository/org/glassfish/hk2/hk2-utils/2.6.1/hk2-utils-2.6.1.jar:/home/chaitanya/.m2/repository/org/glassfish/hk2/hk2-api/2.6.1/hk2-api-2.6.1.jar:/home/chaitanya/.m2/repository/org/glassfish/hk2/hk2-core/2.6.1/hk2-core-2.6.1.jar:/home/chaitanya/.m2/repository/org/glassfish/hk2/hk2-runlevel/2.6.1/hk2-runlevel-2.6.1.jar:/home/chaitanya/.m2/repository/org/glassfish/hk2/class-model/2.6.1/class-model-2.6.1.jar:/home/chaitanya/.m2/repository/org/ow2/asm/asm-analysis/7.1/asm-analysis-7.1.jar:/home/chaitanya/.m2/repository/org/ow2/asm/asm-commons/7.1/asm-commons-7.1.jar:/home/chaitanya/.m2/repository/org/ow2/asm/asm-tree/7.1/asm-tree-7.1.jar:/home/chaitanya/.m2/repository/org/ow2/asm/asm-util/7.1/asm-util-7.1.jar:/home/chaitanya/.m2/repository/org/glassfish/hk2/spring-bridge/2.6.1/spring-bridge-2.6.1.jar:/home/chaitanya/.m2/repository/org/glassfish/jersey/media/jersey-media-json-jackson/2.32/jersey-media-json-jackson-2.32.jar:/home/chaitanya/.m2/repository/org/glassfish/jersey/ext/jersey-entity-filtering/2.32/jersey-entity-filtering-2.32.jar:/home/chaitanya/.m2/repository/org/projectlombok/lombok/1.18.12/lombok-1.18.12.jar:/home/chaitanya/.m2/repository/org/apache/maven/maven-archiver/2.5/maven-archiver-2.5.jar:/home/chaitanya/.m2/repository/org/apache/maven/maven-artifact/2.0.6/maven-artifact-2.0.6.jar:/home/chaitanya/.m2/repository/org/apache/maven/maven-model/2.0.6/maven-model-2.0.6.jar:/home/chaitanya/.m2/repository/org/apache/maven/maven-core/2.0.6/maven-core-2.0.6.jar:/home/chaitanya/.m2/repository/org/apache/maven/maven-settings/2.0.6/maven-settings-2.0.6.jar:/home/chaitanya/.m2/repository/org/apache/maven/wagon/wagon-file/1.0-beta-2/wagon-file-1.0-beta-2.jar:/home/chaitanya/.m2/repository/org/apache/maven/maven-plugin-parameter-documenter/2.0.6/maven-plugin-parameter-documenter-2.0.6.jar:/home/chaitanya/.m2/repository/org/apache/maven/wagon/wagon-http-lightweight/1.0-beta-2/wagon-http-lightweight-1.0-beta-2.jar:/home/chaitanya/.m2/repository/org/apache/maven/wagon/wagon-http-shared/1.0-beta-2/wagon-http-shared-1.0-beta-2.jar:/home/chaitanya/.m2/repository/jtidy/jtidy/4aug2000r7-dev/jtidy-4aug2000r7-dev.jar:/home/chaitanya/.m2/repository/xml-apis/xml-apis/1.0.b2/xml-apis-1.0.b2.jar:/home/chaitanya/.m2/repository/org/apache/maven/reporting/maven-reporting-api/2.0.6/maven-reporting-api-2.0.6.jar:/home/chaitanya/.m2/repository/org/apache/maven/doxia/doxia-sink-api/1.0-alpha-7/doxia-sink-api-1.0-alpha-7.jar:/home/chaitanya/.m2/repository/org/apache/maven/maven-profile/2.0.6/maven-profile-2.0.6.jar:/home/chaitanya/.m2/repository/org/apache/maven/wagon/wagon-provider-api/1.0-beta-2/wagon-provider-api-1.0-beta-2.jar:/home/chaitanya/.m2/repository/org/codehaus/plexus/plexus-container-default/1.0-alpha-9-stable-1/plexus-container-default-1.0-alpha-9-stable-1.jar:/home/chaitanya/.m2/repository/junit/junit/4.13.2/junit-4.13.2.jar:/home/chaitanya/.m2/repository/org/hamcrest/hamcrest-core/2.2/hamcrest-core-2.2.jar:/home/chaitanya/.m2/repository/org/apache/maven/maven-repository-metadata/2.0.6/maven-repository-metadata-2.0.6.jar:/home/chaitanya/.m2/repository/org/apache/maven/maven-error-diagnostics/2.0.6/maven-error-diagnostics-2.0.6.jar:/home/chaitanya/.m2/repository/org/apache/maven/maven-project/2.0.6/maven-project-2.0.6.jar:/home/chaitanya/.m2/repository/org/apache/maven/maven-plugin-registry/2.0.6/maven-plugin-registry-2.0.6.jar:/home/chaitanya/.m2/repository/commons-cli/commons-cli/1.0/commons-cli-1.0.jar:/home/chaitanya/.m2/repository/org/apache/maven/maven-plugin-api/2.0.6/maven-plugin-api-2.0.6.jar:/home/chaitanya/.m2/repository/org/apache/maven/wagon/wagon-ssh-external/1.0-beta-2/wagon-ssh-external-1.0-beta-2.jar:/home/chaitanya/.m2/repository/org/apache/maven/wagon/wagon-ssh-common/1.0-beta-2/wagon-ssh-common-1.0-beta-2.jar:/home/chaitanya/.m2/repository/org/apache/maven/maven-plugin-descriptor/2.0.6/maven-plugin-descriptor-2.0.6.jar:/home/chaitanya/.m2/repository/org/codehaus/plexus/plexus-interactivity-api/1.0-alpha-4/plexus-interactivity-api-1.0-alpha-4.jar:/home/chaitanya/.m2/repository/org/apache/maven/maven-artifact-manager/2.0.6/maven-artifact-manager-2.0.6.jar:/home/chaitanya/.m2/repository/org/apache/maven/maven-monitor/2.0.6/maven-monitor-2.0.6.jar:/home/chaitanya/.m2/repository/org/apache/maven/wagon/wagon-ssh/1.0-beta-2/wagon-ssh-1.0-beta-2.jar:/home/chaitanya/.m2/repository/com/jcraft/jsch/0.1.27/jsch-0.1.27.jar:/home/chaitanya/.m2/repository/classworlds/classworlds/1.1/classworlds-1.1.jar:/home/chaitanya/.m2/repository/org/codehaus/plexus/plexus-archiver/2.1/plexus-archiver-2.1.jar:/home/chaitanya/.m2/repository/org/codehaus/plexus/plexus-io/2.0.2/plexus-io-2.0.2.jar:/home/chaitanya/.m2/repository/org/codehaus/plexus/plexus-utils/3.0/plexus-utils-3.0.jar:/home/chaitanya/.m2/repository/org/codehaus/plexus/plexus-interpolation/1.15/plexus-interpolation-1.15.jar:/home/chaitanya/.m2/repository/com/h2database/h2/1.4.200/h2-1.4.200.jar:/home/chaitanya/.m2/repository/com/sun/xml/bind/jaxb-impl/2.2.3/jaxb-impl-2.2.3.jar:/home/chaitanya/.m2/repository/javax/xml/bind/jaxb-api/2.3.1/jaxb-api-2.3.1.jar:/home/chaitanya/.m2/repository/javax/activation/javax.activation-api/1.2.0/javax.activation-api-1.2.0.jar:/home/chaitanya/.m2/repository/org/camunda/connect/camunda-connect-soap-http-client/1.3.0/camunda-connect-soap-http-client-1.3.0.jar:/home/chaitanya/.m2/repository/org/camunda/connect/camunda-connect-http-client/1.3.0/camunda-connect-http-client-1.3.0.jar:/home/chaitanya/.m2/repository/org/apache/httpcomponents/httpclient/4.5.13/httpclient-4.5.13.jar:/home/chaitanya/.m2/repository/org/apache/httpcomponents/httpcore/4.4.14/httpcore-4.4.14.jar:/home/chaitanya/.m2/repository/commons-codec/commons-codec/1.15/commons-codec-1.15.jar:/home/chaitanya/.m2/repository/org/camunda/bpm/camunda-engine-plugin-connect/7.12.0/camunda-engine-plugin-connect-7.12.0.jar:/home/chaitanya/.m2/repository/org/camunda/connect/camunda-connect-core/1.2.2/camunda-connect-core-1.2.2.jar:/home/chaitanya/.m2/repository/org/camunda/spin/camunda-spin-core/1.9.0/camunda-spin-core-1.9.0.jar:/home/chaitanya/.m2/repository/org/camunda/commons/camunda-commons-logging/1.9.0/camunda-commons-logging-1.9.0.jar:/home/chaitanya/.m2/repository/org/camunda/commons/camunda-commons-utils/1.9.0/camunda-commons-utils-1.9.0.jar:/home/chaitanya/.m2/repository/org/camunda/spin/camunda-spin-dataformat-json-jackson/1.9.0/camunda-spin-dataformat-json-jackson-1.9.0.jar:/home/chaitanya/.m2/repository/com/fasterxml/jackson/core/jackson-core/2.11.4/jackson-core-2.11.4.jar:/home/chaitanya/.m2/repository/com/fasterxml/jackson/core/jackson-databind/2.11.4/jackson-databind-2.11.4.jar:/home/chaitanya/.m2/repository/org/camunda/spin/camunda-spin-dataformat-xml-dom/1.9.0/camunda-spin-dataformat-xml-dom-1.9.0.jar:/home/chaitanya/.m2/repository/org/camunda/bpm/camunda-engine-plugin-spin/7.12.0/camunda-engine-plugin-spin-7.12.0.jar:/home/chaitanya/.m2/repository/org/springframework/boot/spring-boot-devtools/2.4.5/spring-boot-devtools-2.4.5.jar:"/>
    <property name="sun.cpu.endian" value="little"/>
    <property name="user.home" value="/home/chaitanya"/>
    <property name="user.language" value="en"/>
    <property name="java.specification.vendor" value="Oracle Corporation"/>
    <property name="java.version.date" value="2020-07-14"/>
    <property name="java.home" value="/home/chaitanya/chy/spring-tool-suite-4-4.8.0.RELEASE-e4.17.0-linux.gtk.x86_64/sts-4.8.0.RELEASE/plugins/org.eclipse.justj.openjdk.hotspot.jre.full.linux.x86_64_14.0.2.v20200815-0932/jre"/>
    <property name="file.separator" value="/"/>
    <property name="style.color" value="always"/>
    <property name="basedir" value="/home/chaitanya/chy/practice_workspace/camundasample-application"/>
    <property name="java.vm.compressedOopsMode" value="Zero based"/>
    <property name="line.separator" value="&#10;"/>
    <property name="java.vm.specification.vendor" value="Oracle Corporation"/>
    <property name="java.specification.name" value="Java Platform API Specification"/>
    <property name="surefire.real.class.path" value="/home/chaitanya/chy/practice_workspace/camundasample-application/target/surefire/surefirebooter8960907932152650492.jar"/>
    <property name="sun.management.compiler" value="HotSpot 64-Bit Tiered Compilers"/>
    <property name="java.runtime.version" value="14.0.2+12-46"/>
    <property name="user.name" value="chaitanya"/>
    <property name="path.separator" value=":"/>
    <property name="os.version" value="5.4.0-70-generic"/>
    <property name="java.runtime.name" value="OpenJDK Runtime Environment"/>
    <property name="file.encoding" value="UTF-8"/>
    <property name="java.vm.name" value="OpenJDK 64-Bit Server VM"/>
    <property name="localRepository" value="/home/chaitanya/.m2/repository"/>
    <property name="java.vendor.url.bug" value="https://bugreport.java.com/bugreport/"/>
    <property name="java.io.tmpdir" value="/tmp"/>
    <property name="java.version" value="14.0.2"/>
    <property name="user.dir" value="/home/chaitanya/chy/practice_workspace/camundasample-application"/>
    <property name="os.arch" value="amd64"/>
    <property name="java.vm.specification.name" value="Java Virtual Machine Specification"/>
    <property name="java.library.path" value="/usr/java/packages/lib:/usr/lib64:/lib64:/lib:/usr/lib"/>
    <property name="java.vm.info" value="mixed mode"/>
    <property name="java.vendor" value="Oracle Corporation"/>
    <property name="java.vm.version" value="14.0.2+12-46"/>
    <property name="sun.io.unicode.encoding" value="UnicodeLittle"/>
    <property name="java.class.version" value="58.0"/>
  </properties>
  <testcase name="contextLoads" classname="com.practice.camundasample.CamundasampleApplicationTests" time="0.509"/>
</testsuite>